生成启动时间为 2015/11/11 17:50:29。
     1>项目“D:\Source\C++\DLL注入\x64Inject\DllInject\DllInject.vcxproj”在节点 2 上(rebuild 个目标)。
     1>InitializeBuildStatus:
         正在创建“x64\Release\DllInject.unsuccessfulbuild”，因为已指定“AlwaysCreate”。
       ClCompile:
         C:\Program Files (x86)\Microsoft Visual Studio 10.0\VC\bin\x86_amd64\CL.exe /c /I"C:\Program Files (x86)\Visual Leak Detector\include" /Zi /nologo /W3 /WX- /O2 /Oi /GL /D WIN32 /D _WINDOWS /D NDEBUG /D _UNICODE /D UNICODE /Gm- /EHsc /MT /GS /Gy /fp:precise /Zc:wchar_t /Zc:forScope /Yc"StdAfx.h" /Fp"x64\Release\DllInject.pch" /Fo"x64\Release\\" /Fd"x64\Release\vc100.pdb" /Gd /TP /errorReport:prompt stdafx.cpp
         stdafx.cpp
         C:\Program Files (x86)\Microsoft Visual Studio 10.0\VC\bin\x86_amd64\CL.exe /c /I"C:\Program Files (x86)\Visual Leak Detector\include" /Zi /nologo /W3 /WX- /O2 /Oi /GL /D WIN32 /D _WINDOWS /D NDEBUG /D _UNICODE /D UNICODE /Gm- /EHsc /MT /GS /Gy /fp:precise /Zc:wchar_t /Zc:forScope /Yu"StdAfx.h" /Fp"x64\Release\DllInject.pch" /Fo"x64\Release\\" /Fd"x64\Release\vc100.pdb" /Gd /TP /errorReport:prompt DllInject.cpp DllInjectDlg.cpp MyOutputDebugString.cpp
         DllInject.cpp
         DllInjectDlg.cpp
         MyOutputDebugString.cpp
         C:\Program Files (x86)\Microsoft Visual Studio 10.0\VC\bin\x86_amd64\CL.exe /c /I"C:\Program Files (x86)\Visual Leak Detector\include" /Zi /nologo /W3 /WX- /O2 /Oi /GL /D WIN32 /D _WINDOWS /D NDEBUG /D _UNICODE /D UNICODE /Gm- /EHsc /MT /GS /Gy /fp:precise /Zc:wchar_t /Zc:forScope /Fo"x64\Release\\" /Fd"x64\Release\vc100.pdb" /Gd /TP /errorReport:prompt x64Inject.cpp
         x64Inject.cpp
       ResourceCompile:
         C:\Program Files (x86)\Microsoft SDKs\Windows\v7.0A\bin\rc.exe /D NDEBUG /D _UNICODE /D UNICODE /l"0x0804" /Ix64\Release\ /nologo /fo"x64\Release\DllInject.res" DllInject.rc 
       Link:
         C:\Program Files (x86)\Microsoft Visual Studio 10.0\VC\bin\x86_amd64\link.exe /ERRORREPORT:PROMPT /OUT:"D:\Source\C++\DLL注入\x64Inject\x64\Release\DllInject.exe" /INCREMENTAL:NO /NOLOGO /LIBPATH:"C:\Program Files (x86)\Visual Leak Detector\lib\Win64" /MANIFEST /ManifestFile:"x64\Release\DllInject.exe.intermediate.manifest" /MANIFESTUAC:"level='requireAdministrator' uiAccess='false'" /DEBUG /PDB:"D:\Source\C++\DLL注入\x64Inject\x64\Release\DllInject.pdb" /SUBSYSTEM:WINDOWS /OPT:REF /OPT:ICF /LTCG /TLBID:1 /ENTRY:"wWinMainCRTStartup" /DYNAMICBASE /NXCOMPAT /IMPLIB:"D:\Source\C++\DLL注入\x64Inject\x64\Release\DllInject.lib" /MACHINE:X64 x64\Release\DllInject.res
         x64\Release\DllInject.obj
         x64\Release\DllInjectDlg.obj
         x64\Release\MyOutputDebugString.obj
         x64\Release\stdafx.obj
         x64\Release\x64Inject.obj
         正在生成代码
         已完成代码的生成
         DllInject.vcxproj -> D:\Source\C++\DLL注入\x64Inject\x64\Release\DllInject.exe
       Manifest:
         C:\Program Files (x86)\Microsoft SDKs\Windows\v7.0A\bin\mt.exe /nologo /verbose /outputresource:"D:\Source\C++\DLL注入\x64Inject\x64\Release\DllInject.exe;#1" /manifest x64\Release\DllInject.exe.intermediate.manifest "C:\Program Files (x86)\Microsoft Visual Studio 10.0\VC\Include\Manifest\dpiaware.manifest"
       FinalizeBuildStatus:
         正在删除文件“x64\Release\DllInject.unsuccessfulbuild”。
         正在对“x64\Release\DllInject.lastbuildstate”执行 Touch 任务。
     1>已完成生成项目“D:\Source\C++\DLL注入\x64Inject\DllInject\DllInject.vcxproj”(rebuild 个目标)的操作。

生成成功。

已用时间 00:00:11.25
